<component name="libraryTable">
  <library name="junit-4.13.2">
    <CLASSES>
      <root url="jar://$PROJECT_DIR$/../../../../Program Files (x86)/Apache/apache-ant-1.10.11/lib/junit-4.13.2.jar!/" />
    </CLASSES>
    <JAVADOC />
    <SOURCES />
  </library>
</component>